cnf/lst/aws-iam-generator.include.lst
cnf/lst/aws-iam-generator.exclude.lst
.editorconfig
Makefile
cnf/yaml/aws/aws-accounts.yaml
cnf/yaml/aws/aws-iam-roles.yaml
cnf/yaml/aws/aws-services.yaml
dat/json/base-policy-controltower.json
dat/json/base-policy-ec2.json
dat/json/base-policy-ecr.json
dat/json/base-policy-ecs.json
dat/json/base-policy-iam.json
dat/json/base-policy-identitystore.json
dat/json/base-policy-networkmanager.json
dat/json/base-policy-rds.json
dat/json/base-policy-s3.json
dat/json/base-policy-secretsmanager.json
dat/json/base-policy-securityhub.json
lib/bash/fetch-resources.sh
lib/bash/funcs/arch-install-bins.func.sh
lib/bash/funcs/export-json-section-vars.func.sh
lib/bash/funcs/flush-screen.func.sh
lib/bash/funcs/get-env-var.func.sh
lib/bash/funcs/list-dockers.func.sh
lib/bash/funcs/mac-install-bins.func.sh
lib/bash/funcs/manjaro-install-bins.func.sh
lib/bash/funcs/morph-dir.func.sh
lib/bash/funcs/new-issue.func.sh
lib/bash/funcs/oae.func.sh
lib/bash/funcs/parse-ini-section-vars.func.sh
lib/bash/funcs/read-conf-section.func.sh
lib/bash/funcs/relative-path.func.sh
lib/bash/funcs/require-var.func.sh
lib/bash/funcs/resolve-dirname.func.sh
lib/bash/funcs/set-vars-on-alpine.func.sh
lib/bash/funcs/set-vars-on-mac.func.sh
lib/bash/funcs/set-vars-on-suse.func.sh
lib/bash/funcs/set-vars-on-ubuntu.func.sh
lib/bash/funcs/suse-install-bins.func.sh
lib/bash/funcs/test-helpers.sh
lib/bash/funcs/ubuntu-install-bins.func.sh
lib/bash/funcs/zip-me.func.sh
lib/make/check-terraform.func.mk
lib/make/demand-var.func.mk
lib/make/docker-utils.mk
lib/make/install-img.func.mk
lib/make/make-help.func.mk
lib/make/new-issue.func.mk
lib/make/prune-docker-system.func.mk
lib/make/set-default-shell.mk
lib/make/set-env.func.mk
lib/make/stop-img-containers.func.mk
lib/make/zip-me.func.mk
lib/tpl/docker-task.mk
src/bash/run/check-install-poetry.func.sh
src/bash/run/check-install-py-modules.func.sh
src/bash/run/check-install-terraform.func.sh
src/bash/run/hello-world.func.sh
src/bash/run/morph-dir.func.sh
src/bash/run/morph-module.func.sh
src/bash/run/print-usage.func.sh
src/bash/run/run.sh
src/bash/run/scan-to-list-file.func.sh
src/bash/run/set-vars-on-alpine.func.sh
src/bash/run/set-vars-on-fedora.func.sh
src/bash/run/set-vars-on-mac.func.sh
src/bash/run/set-vars-on-manjaro.func.sh
src/bash/run/set-vars-on-suse.func.sh
src/bash/run/set-vars-on-ubuntu.func.sh
src/bash/run/zip-me-as-module.func.sh
src/bash/scripts/docker-init-aws-iam-generator.sh
src/docker/aws-iam-generator/Dockerfile
src/docker/aws-iam-generator/Dockerfile.x86_64
src/make/install-img-aws-iam-generator.func.mk
src/python/aws-iam-generator/aws_iam_generator/__init__.py
src/python/aws-iam-generator/aws_iam_generator/__main__.py
src/python/aws-iam-generator/aws_iam_generator/main.py
src/python/aws-iam-generator/lib/boto_utils/__init__.py
src/python/aws-iam-generator/lib/boto_utils/common_boto_utils/__init__.py
src/python/aws-iam-generator/lib/boto_utils/common_boto_utils/common_boto_utils.py
src/python/aws-iam-generator/lib/console_utils/__init__.py
src/python/aws-iam-generator/lib/console_utils/console_utils.py
src/python/aws-iam-generator/poetry.lock
src/python/aws-iam-generator/poetry.toml
src/python/aws-iam-generator/pyproject.toml
